<?xml version="1.0" encoding="UTF-8"?>
<testsuite name="com.scuilion.gradle.plugins.init.PluginTest" tests="1" skipped="0" failures="0" errors="0" timestamp="2014-07-15T00:30:53" hostname="ubuntu" time="2.396">
  <properties/>
  <testcase name="checkRun" classname="com.scuilion.gradle.plugins.init.PluginTest" time="2.396"/>
  <system-out><![CDATA[19:30:53.476 [Test worker] DEBUG org.gradle.tooling.GradleConnector - Connecting from tooling API consumer version 2.0
19:30:53.544 [Connection worker] DEBUG o.g.t.i.c.l.DefaultToolingImplementationLoader - Using tooling provider from Gradle distribution 'https://services.gradle.org/distributions/gradle-2.0-bin.zip'
19:30:53.545 [Connection worker] DEBUG o.g.t.i.c.l.DefaultToolingImplementationLoader - Using tooling provider classpath: [/home/kevino/.gradle/wrapper/dists/gradle-2.0-bin/5h57m9vra0mjv9qs45oqtsb5c0/gradle-2.0/lib/native-platform-0.10.jar, /home/kevino/.gradle/wrapper/dists/gradle-2.0-bin/5h57m9vra0mjv9qs45oqtsb5c0/gradle-2.0/lib/gradle-launcher-2.0.jar, /home/kevino/.gradle/wrapper/dists/gradle-2.0-bin/5h57m9vra0mjv9qs45oqtsb5c0/gradle-2.0/lib/native-platform-linux-i386-0.10.jar, /home/kevino/.gradle/wrapper/dists/gradle-2.0-bin/5h57m9vra0mjv9qs45oqtsb5c0/gradle-2.0/lib/commons-lang-2.6.jar, /home/kevino/.gradle/wrapper/dists/gradle-2.0-bin/5h57m9vra0mjv9qs45oqtsb5c0/gradle-2.0/lib/jna-3.2.7.jar, /home/kevino/.gradle/wrapper/dists/gradle-2.0-bin/5h57m9vra0mjv9qs45oqtsb5c0/gradle-2.0/lib/gradle-base-services-groovy-2.0.jar, /home/kevino/.gradle/wrapper/dists/gradle-2.0-bin/5h57m9vra0mjv9qs45oqtsb5c0/gradle-2.0/lib/native-platform-freebsd-amd64-0.10.jar, /home/kevino/.gradle/wrapper/dists/gradle-2.0-bin/5h57m9vra0mjv9qs45oqtsb5c0/gradle-2.0/lib/native-platform-windows-i386-0.10.jar, /home/kevino/.gradle/wrapper/dists/gradle-2.0-bin/5h57m9vra0mjv9qs45oqtsb5c0/gradle-2.0/lib/ant-1.9.3.jar, /home/kevino/.gradle/wrapper/dists/gradle-2.0-bin/5h57m9vra0mjv9qs45oqtsb5c0/gradle-2.0/lib/minlog-1.2.jar, /home/kevino/.gradle/wrapper/dists/gradle-2.0-bin/5h57m9vra0mjv9qs45oqtsb5c0/gradle-2.0/lib/native-platform-osx-i386-0.10.jar, /home/kevino/.gradle/wrapper/dists/gradle-2.0-bin/5h57m9vra0mjv9qs45oqtsb5c0/gradle-2.0/lib/gradle-resources-2.0.jar, /home/kevino/.gradle/wrapper/dists/gradle-2.0-bin/5h57m9vra0mjv9qs45oqtsb5c0/gradle-2.0/lib/reflectasm-1.07-shaded.jar, /home/kevino/.gradle/wrapper/dists/gradle-2.0-bin/5h57m9vra0mjv9qs45oqtsb5c0/gradle-2.0/lib/gradle-tooling-api-2.0.jar, /home/kevino/.gradle/wrapper/dists/gradle-2.0-bin/5h57m9vra0mjv9qs45oqtsb5c0/gradle-2.0/lib/logback-classic-1.0.13.jar, /home/kevino/.gradle/wrapper/dists/gradle-2.0-bin/5h57m9vra0mjv9qs45oqtsb5c0/gradle-2.0/lib/ant-launcher-1.9.3.jar, /home/kevino/.gradle/wrapper/dists/gradle-2.0-bin/5h57m9vra0mjv9qs45oqtsb5c0/gradle-2.0/lib/jaxen-1.1.jar, /home/kevino/.gradle/wrapper/dists/gradle-2.0-bin/5h57m9vra0mjv9qs45oqtsb5c0/gradle-2.0/lib/gradle-cli-2.0.jar, /home/kevino/.gradle/wrapper/dists/gradle-2.0-bin/5h57m9vra0mjv9qs45oqtsb5c0/gradle-2.0/lib/slf4j-api-1.7.5.jar, /home/kevino/.gradle/wrapper/dists/gradle-2.0-bin/5h57m9vra0mjv9qs45oqtsb5c0/gradle-2.0/lib/gradle-wrapper-2.0.jar, /home/kevino/.gradle/wrapper/dists/gradle-2.0-bin/5h57m9vra0mjv9qs45oqtsb5c0/gradle-2.0/lib/gradle-core-2.0.jar, /home/kevino/.gradle/wrapper/dists/gradle-2.0-bin/5h57m9vra0mjv9qs45oqtsb5c0/gradle-2.0/lib/native-platform-osx-amd64-0.10.jar, /home/kevino/.gradle/wrapper/dists/gradle-2.0-bin/5h57m9vra0mjv9qs45oqtsb5c0/gradle-2.0/lib/gradle-messaging-2.0.jar, /home/kevino/.gradle/wrapper/dists/gradle-2.0-bin/5h57m9vra0mjv9qs45oqtsb5c0/gradle-2.0/lib/logback-core-1.0.13.jar, /home/kevino/.gradle/wrapper/dists/gradle-2.0-bin/5h57m9vra0mjv9qs45oqtsb5c0/gradle-2.0/lib/commons-collections-3.2.1.jar, /home/kevino/.gradle/wrapper/dists/gradle-2.0-bin/5h57m9vra0mjv9qs45oqtsb5c0/gradle-2.0/lib/native-platform-linux-amd64-0.10.jar, /home/kevino/.gradle/wrapper/dists/gradle-2.0-bin/5h57m9vra0mjv9qs45oqtsb5c0/gradle-2.0/lib/gradle-open-api-2.0.jar, /home/kevino/.gradle/wrapper/dists/gradle-2.0-bin/5h57m9vra0mjv9qs45oqtsb5c0/gradle-2.0/lib/asm-all-5.0.2.jar, /home/kevino/.gradle/wrapper/dists/gradle-2.0-bin/5h57m9vra0mjv9qs45oqtsb5c0/gradle-2.0/lib/gradle-ui-2.0.jar, /home/kevino/.gradle/wrapper/dists/gradle-2.0-bin/5h57m9vra0mjv9qs45oqtsb5c0/gradle-2.0/lib/jarjar-1.3.jar, /home/kevino/.gradle/wrapper/dists/gradle-2.0-bin/5h57m9vra0mjv9qs45oqtsb5c0/gradle-2.0/lib/objenesis-1.2.jar, /home/kevino/.gradle/wrapper/dists/gradle-2.0-bin/5h57m9vra0mjv9qs45oqtsb5c0/gradle-2.0/lib/groovy-all-2.3.3.jar, /home/kevino/.gradle/wrapper/dists/gradle-2.0-bin/5h57m9vra0mjv9qs45oqtsb5c0/gradle-2.0/lib/commons-io-1.4.jar, /home/kevino/.gradle/wrapper/dists/gradle-2.0-bin/5h57m9vra0mjv9qs45oqtsb5c0/gradle-2.0/lib/native-platform-freebsd-i386-0.10.jar, /home/kevino/.gradle/wrapper/dists/gradle-2.0-bin/5h57m9vra0mjv9qs45oqtsb5c0/gradle-2.0/lib/gradle-base-services-2.0.jar, /home/kevino/.gradle/wrapper/dists/gradle-2.0-bin/5h57m9vra0mjv9qs45oqtsb5c0/gradle-2.0/lib/jcl-over-slf4j-1.7.5.jar, /home/kevino/.gradle/wrapper/dists/gradle-2.0-bin/5h57m9vra0mjv9qs45oqtsb5c0/gradle-2.0/lib/jansi-1.2.1.jar, /home/kevino/.gradle/wrapper/dists/gradle-2.0-bin/5h57m9vra0mjv9qs45oqtsb5c0/gradle-2.0/lib/jul-to-slf4j-1.7.5.jar, /home/kevino/.gradle/wrapper/dists/gradle-2.0-bin/5h57m9vra0mjv9qs45oqtsb5c0/gradle-2.0/lib/jcip-annotations-1.0.jar, /home/kevino/.gradle/wrapper/dists/gradle-2.0-bin/5h57m9vra0mjv9qs45oqtsb5c0/gradle-2.0/lib/gradle-docs-2.0.jar, /home/kevino/.gradle/wrapper/dists/gradle-2.0-bin/5h57m9vra0mjv9qs45oqtsb5c0/gradle-2.0/lib/kryo-2.20.jar, /home/kevino/.gradle/wrapper/dists/gradle-2.0-bin/5h57m9vra0mjv9qs45oqtsb5c0/gradle-2.0/lib/guava-jdk5-17.0.jar, /home/kevino/.gradle/wrapper/dists/gradle-2.0-bin/5h57m9vra0mjv9qs45oqtsb5c0/gradle-2.0/lib/dom4j-1.6.1.jar, /home/kevino/.gradle/wrapper/dists/gradle-2.0-bin/5h57m9vra0mjv9qs45oqtsb5c0/gradle-2.0/lib/javax.inject-1.jar, /home/kevino/.gradle/wrapper/dists/gradle-2.0-bin/5h57m9vra0mjv9qs45oqtsb5c0/gradle-2.0/lib/gradle-native-2.0.jar, /home/kevino/.gradle/wrapper/dists/gradle-2.0-bin/5h57m9vra0mjv9qs45oqtsb5c0/gradle-2.0/lib/native-platform-windows-amd64-0.10.jar, /home/kevino/.gradle/wrapper/dists/gradle-2.0-bin/5h57m9vra0mjv9qs45oqtsb5c0/gradle-2.0/lib/log4j-over-slf4j-1.7.5.jar]
19:30:53.618 [Connection worker] DEBUG o.g.t.i.provider.DefaultConnection - Tooling API provider 2.0 created.
19:30:53.846 [Connection worker] DEBUG o.g.t.i.provider.ProviderConnection - Configuring logging to level: INFO
Tooling API is using target Gradle version: 2.0.
Connected to the daemon. Dispatching Build{id=372362c9-4c7a-4a1b-9348-a30eb12b0ffe.1, currentDir=/home/kevino/projects/gradle-utils} request.
main class is: com.RunSimple
:compileJava UP-TO-DATE
:compileGroovy
:processResources UP-TO-DATE
:classes
:runSimple
in run simple from integration test

BUILD SUCCESSFUL

Total time: 2.153 secs
]]></system-out>
  <system-err><![CDATA[]]></system-err>
</testsuite>
